# JRE version: OpenJDK Runtime Environment (24.0.1+9) (build 24.0.1+9-30)
# Java VM: OpenJDK 64-Bit Server VM (24.0.1+9-30, mixed mode, sharing, tiered, compressed oops, compressed class ptrs, g1 gc, windows-amd64)
GC Precious Log:
 CardTable entry size: 512
 Card Set container configuration: InlinePtr #cards 4 size 8 Array Of Cards #cards 16 size 48 Howl #buckets 8 coarsen threshold 3686 Howl Bitmap #cards 512 size 80 coarsen threshold 460 Card regions per heap region 1 cards per card region 4096
 CPUs: 8 total, 8 available
 Memory: 16064M
 Large Page Support: Disabled
 NUMA Support: Disabled
 Compressed Oops: Enabled (Zero based)
 Heap Region Size: 2M
 Heap Min Capacity: 8M
 Heap Initial Capacity: 252M
 Heap Max Capacity: 4018M
 Pre-touch: Disabled
 Parallel Workers: 8
 Concurrent Workers: 2
 Concurrent Refinement Workers: 8
 Periodic GC: Disabled
Heap:
 garbage-first heap   total reserved 4114432K, committed 83968K, used 42735K [0x0000000704e00000, 0x0000000800000000)
  region size 2048K, 2 young (4096K), 1 survivors (2048K)
 Metaspace       used 84565K, committed 85248K, reserved 1179648K
  class space    used 9263K, committed 9536K, reserved 1048576K
GC Heap History (20 events):
Event: 13.129 GC heap before
{Heap before GC invocations=15 (full 0):
 garbage-first heap   total reserved 4114432K, committed 61440K, used 54196K [0x0000000704e00000, 0x0000000800000000)
  region size 2048K, 12 young (24576K), 1 survivors (2048K)
 Metaspace       used 65423K, committed 65920K, reserved 1114112K
  class space    used 6972K, committed 7168K, reserved 1048576K
}
Event: 13.134 GC heap after
{Heap after GC invocations=16 (full 0):
 garbage-first heap   total reserved 4114432K, committed 61440K, used 32356K [0x0000000704e00000, 0x0000000800000000)
  region size 2048K, 2 young (4096K), 2 survivors (4096K)
 Metaspace       used 65423K, committed 65920K, reserved 1114112K
  class space    used 6972K, committed 7168K, reserved 1048576K
}
Event: 13.796 GC heap before
{Heap before GC invocations=16 (full 0):
 garbage-first heap   total reserved 4114432K, committed 61440K, used 48740K [0x0000000704e00000, 0x0000000800000000)
  region size 2048K, 11 young (22528K), 2 survivors (4096K)
 Metaspace       used 69477K, committed 70080K, reserved 1114112K
  class space    used 7382K, committed 7616K, reserved 1048576K
}
Event: 13.806 GC heap after
{Heap after GC invocations=17 (full 0):
 garbage-first heap   total reserved 4114432K, committed 61440K, used 33309K [0x0000000704e00000, 0x0000000800000000)
  region size 2048K, 2 young (4096K), 2 survivors (4096K)
 Metaspace       used 69477K, committed 70080K, reserved 1114112K
  class space    used 7382K, committed 7616K, reserved 1048576K
}
Event: 14.483 GC heap before
{Heap before GC invocations=17 (full 0):
 garbage-first heap   total reserved 4114432K, committed 61440K, used 51741K [0x0000000704e00000, 0x0000000800000000)
  region size 2048K, 11 young (22528K), 2 survivors (4096K)
 Metaspace       used 71826K, committed 72448K, reserved 1114112K
  class space    used 7712K, committed 7936K, reserved 1048576K
}
Event: 14.491 GC heap after
{Heap after GC invocations=18 (full 0):
 garbage-first heap   total reserved 4114432K, committed 61440K, used 34688K [0x0000000704e00000, 0x0000000800000000)
  region size 2048K, 2 young (4096K), 2 survivors (4096K)
 Metaspace       used 71826K, committed 72448K, reserved 1114112K
  class space    used 7712K, committed 7936K, reserved 1048576K
}
Event: 14.855 GC heap before
{Heap before GC invocations=19 (full 0):
 garbage-first heap   total reserved 4114432K, committed 61440K, used 51072K [0x0000000704e00000, 0x0000000800000000)
  region size 2048K, 10 young (20480K), 2 survivors (4096K)
 Metaspace       used 72181K, committed 72768K, reserved 1114112K
  class space    used 7767K, committed 8000K, reserved 1048576K
}
Event: 14.865 GC heap after
{Heap after GC invocations=20 (full 0):
 garbage-first heap   total reserved 4114432K, committed 61440K, used 35904K [0x0000000704e00000, 0x0000000800000000)
  region size 2048K, 2 young (4096K), 2 survivors (4096K)
 Metaspace       used 72181K, committed 72768K, reserved 1114112K
  class space    used 7767K, committed 8000K, reserved 1048576K
}
Event: 15.362 GC heap before
{Heap before GC invocations=20 (full 0):
 garbage-first heap   total reserved 4114432K, committed 61440K, used 50240K [0x0000000704e00000, 0x0000000800000000)
  region size 2048K, 9 young (18432K), 2 survivors (4096K)
 Metaspace       used 73606K, committed 74176K, reserved 1179648K
  class space    used 7957K, committed 8192K, reserved 1048576K
}
Event: 15.370 GC heap after
{Heap after GC invocations=21 (full 0):
 garbage-first heap   total reserved 4114432K, committed 61440K, used 36789K [0x0000000704e00000, 0x0000000800000000)
  region size 2048K, 2 young (4096K), 2 survivors (4096K)
 Metaspace       used 73606K, committed 74176K, reserved 1179648K
  class space    used 7957K, committed 8192K, reserved 1048576K
}
Event: 15.942 GC heap before
{Heap before GC invocations=21 (full 0):
 garbage-first heap   total reserved 4114432K, committed 61440K, used 51125K [0x0000000704e00000, 0x0000000800000000)
  region size 2048K, 9 young (18432K), 2 survivors (4096K)
 Metaspace       used 75178K, committed 75840K, reserved 1179648K
  class space    used 8180K, committed 8448K, reserved 1048576K
}
Event: 15.947 GC heap after
{Heap after GC invocations=22 (full 0):
 garbage-first heap   total reserved 4114432K, committed 61440K, used 38609K [0x0000000704e00000, 0x0000000800000000)
  region size 2048K, 2 young (4096K), 2 survivors (4096K)
 Metaspace       used 75178K, committed 75840K, reserved 1179648K
  class space    used 8180K, committed 8448K, reserved 1048576K
}
Event: 16.487 GC heap before
{Heap before GC invocations=23 (full 0):
 garbage-first heap   total reserved 4114432K, committed 69632K, used 48849K [0x0000000704e00000, 0x0000000800000000)
  region size 2048K, 7 young (14336K), 2 survivors (4096K)
 Metaspace       used 76803K, committed 77440K, reserved 1179648K
  class space    used 8371K, committed 8640K, reserved 1048576K
}
Event: 16.493 GC heap after
{Heap after GC invocations=24 (full 0):
 garbage-first heap   total reserved 4114432K, committed 69632K, used 39846K [0x0000000704e00000, 0x0000000800000000)
  region size 2048K, 1 young (2048K), 1 survivors (2048K)
 Metaspace       used 76803K, committed 77440K, reserved 1179648K
  class space    used 8371K, committed 8640K, reserved 1048576K
}
Event: 55.527 GC heap before
{Heap before GC invocations=24 (full 0):
 garbage-first heap   total reserved 4114432K, committed 69632K, used 60326K [0x0000000704e00000, 0x0000000800000000)
  region size 2048K, 11 young (22528K), 1 survivors (2048K)
 Metaspace       used 79110K, committed 79872K, reserved 1179648K
  class space    used 8629K, committed 8960K, reserved 1048576K
}
Event: 55.537 GC heap after
{Heap after GC invocations=25 (full 0):
 garbage-first heap   total reserved 4114432K, committed 83968K, used 41250K [0x0000000704e00000, 0x0000000800000000)
  region size 2048K, 2 young (4096K), 2 survivors (4096K)
 Metaspace       used 79110K, committed 79872K, reserved 1179648K
  class space    used 8629K, committed 8960K, reserved 1048576K
}
Event: 185.288 GC heap before
{Heap before GC invocations=25 (full 0):
 garbage-first heap   total reserved 4114432K, committed 83968K, used 69922K [0x0000000704e00000, 0x0000000800000000)
  region size 2048K, 17 young (34816K), 2 survivors (4096K)
 Metaspace       used 84446K, committed 85120K, reserved 1179648K
  class space    used 9263K, committed 9536K, reserved 1048576K
}
Event: 185.297 GC heap after
{Heap after GC invocations=26 (full 0):
 garbage-first heap   total reserved 4114432K, committed 83968K, used 42684K [0x0000000704e00000, 0x0000000800000000)
  region size 2048K, 3 young (6144K), 3 survivors (6144K)
 Metaspace       used 84446K, committed 85120K, reserved 1179648K
  class space    used 9263K, committed 9536K, reserved 1048576K
}
Event: 463.918 GC heap before
{Heap before GC invocations=26 (full 0):
 garbage-first heap   total reserved 4114432K, committed 83968K, used 69308K [0x0000000704e00000, 0x0000000800000000)
  region size 2048K, 16 young (32768K), 3 survivors (6144K)
 Metaspace       used 84565K, committed 85248K, reserved 1179648K
  class space    used 9263K, committed 9536K, reserved 1048576K
}
Event: 464.372 GC heap after
{Heap after GC invocations=27 (full 0):
 garbage-first heap   total reserved 4114432K, committed 83968K, used 42735K [0x0000000704e00000, 0x0000000800000000)
  region size 2048K, 1 young (2048K), 1 survivors (2048K)
 Metaspace       used 84565K, committed 85248K, reserved 1179648K
  class space    used 9263K, committed 9536K, reserved 1048576K
}

